<?xml version="1.0" encoding="UTF-8"?>
<testsuite name="FizzBuzzTest" tests="5" skipped="0" failures="0" errors="0" timestamp="2023-03-15T11:49:51" hostname="DESKTOP-4S9R5LJ" time="0.007">
  <properties/>
  <testcase name="testFizzBuzzMethodWithOnePupil" classname="FizzBuzzTest" time="0.002"/>
  <testcase name="testFizzBuzzMethodWithEmptyList" classname="FizzBuzzTest" time="0.0"/>
  <testcase name="testFizzBuzzMethodWith3" classname="FizzBuzzTest" time="0.001"/>
  <testcase name="testFizzBuzzMethodWith5" classname="FizzBuzzTest" time="0.001"/>
  <testcase name="testFizzBuzzMethodWith15" classname="FizzBuzzTest" time="0.001"/>
  <system-out><![CDATA[]]></system-out>
  <system-err><![CDATA[]]></system-err>
</testsuite>
