<?xml version="1.0" encoding="UTF-8"?>
<testsuite name="FizzBuzzTest" tests="1" skipped="0" failures="0" errors="0" timestamp="2023-04-03T08:41:01" hostname="DESKTOP-4S9R5LJ" time="0.005">
  <properties/>
  <testcase name="testFizzBuzzMethodWithOnePupil" classname="FizzBuzzTest" time="0.005"/>
  <system-out><![CDATA[]]></system-out>
  <system-err><![CDATA[]]></system-err>
</testsuite>
