<?xml version="1.0" encoding="UTF-8"?>
<testsuite name="TestStringCalculatorShould" tests="1" skipped="0" failures="0" errors="0" timestamp="2023-03-21T16:08:21" hostname="DESKTOP-4S9R5LJ" time="0.004">
  <properties/>
  <testcase name="returnAddWithLongDelimiters" classname="TestStringCalculatorShould" time="0.004"/>
  <system-out><![CDATA[]]></system-out>
  <system-err><![CDATA[]]></system-err>
</testsuite>
