<?xml version="1.0" encoding="UTF-8"?>
<testsuite name="TestStringCalculatorShould" tests="1" skipped="0" failures="0" errors="0" timestamp="2023-03-16T14:43:55" hostname="DESKTOP-4S9R5LJ" time="0.003">
  <properties/>
  <testcase name="returnAnEmptyString" classname="TestStringCalculatorShould" time="0.003"/>
  <system-out><![CDATA[]]></system-out>
  <system-err><![CDATA[]]></system-err>
</testsuite>
